firebase-installations/build/intermediates/manifest_merge_blame_file/debug/manifest-merger-blame-debug-report.txt
1<?xml version="1.0" encoding="utf-8"?>
2<manifest xmlns:android="http://schemas.android.com/apk/res/android"
3    package="com.google.firebase.installations"
4    android:versionName="16.2.2" >
5
6    <uses-sdk
7        android:minSdkVersion="21"
7-->src/main/AndroidManifest.xml
8        android:targetSdkVersion="29" />
8-->src/main/AndroidManifest.xml
9
10    <uses-permission android:name="android.permission.ACCESS_NETWORK_STATE" />
10-->src/main/AndroidManifest.xml:4:5-79
10-->src/main/AndroidManifest.xml:4:22-76
11    <uses-permission android:name="android.permission.INTERNET" />
11-->src/main/AndroidManifest.xml:5:5-67
11-->src/main/AndroidManifest.xml:5:22-64
12
13    <application>
13-->src/main/AndroidManifest.xml:6:5-14:19
14        <service
14-->src/main/AndroidManifest.xml:7:9-13:19
15            android:name="com.google.firebase.components.ComponentDiscoveryService"
15-->src/main/AndroidManifest.xml:8:13-84
16            android:exported="false" >
16-->src/main/AndroidManifest.xml:9:13-37
17            <meta-data
17-->src/main/AndroidManifest.xml:10:13-12:85
18                android:name="com.google.firebase.components:com.google.firebase.installations.FirebaseInstallationsRegistrar"
18-->src/main/AndroidManifest.xml:11:17-127
19                android:value="com.google.firebase.components.ComponentRegistrar" />
19-->src/main/AndroidManifest.xml:12:17-82
20        </service>
21    </application>
22
23</manifest>